<?xml version="1.0" encoding="UTF-8"?>
<!-- Generated by org.testng.reporters.JUnitReportReporter -->
<testsuite hostname="Yashoda" failures="0" tests="3" name="amazon_Project1.Project1_Amazon.TestCase7_Verifythedetails" time="126.774" errors="1" timestamp="2025-02-04T00:00:01 IST" skipped="1">
  <testcase classname="amazon_Project1.Project1_Amazon.TestCase7_Verifythedetails" name="prodcutdetailpage" time="50.589">
    <error message="Element &lt;a class=&quot;a-link-normal s-no-outline&quot; href=&quot;/sspa/click?ie=UTF8&amp;spc=MTo2NzM4MTUwNzkzNTcwMjI2OjE3Mzg2MDczODk6c3BfYXRmOjMwMDE4ODA0OTI0NDEzMjo6MDo6&amp;url=%2FBacca-Afterburn-Disruptor-Multiple-Sneakers-White%2Fdp%2FB08GP7BP93%2Fref%3Dsr_1_1_sspa%3Fdib%3DeyJ2IjoiMSJ9.FbC0izaba6whgD5YZJsCEx413XOw_oMJYsobqhLpGQynB1PR_bH7LqxH1rkMjhC3Dy1NjemGSlNOzsB6O72KzmifwvWtGwAfkVn1q7cwuStGJWtZ09cR-evhZ0LoeV-W8xl9GaYO6CWQS9MVD78t6kwOuyPUTpnunMJ2vTSXakUc7kcjNJo4wY_lDlGCeIECX1JwohUtVZ5Dz3RXP-WkByCjOg8QfdXqQOkk3U6iZxII97fLHRZmDTEhiIrBxD4ZhAvR4VMobYbCd4EVfxkl6K6dYApeEiCRYdK1lQS63M4.eNJBE7jiHQCxkqquBv5oXGypOM3MriBJfXoErA1Rguo%26dib_tag%3Dse%26keywords%3Dshoes%26qid%3D1738607389%26sr%3D8-1-spons%26sp_csd%3Dd2lkZ2V0TmFtZT1zcF9hdGY%26psc%3D1&quot;&gt; could not be scrolled into view
Build info: version: &#039;4.27.0&#039;, revision: &#039;d6e718d134&#039;
System info: os.name: &#039;Windows 11&#039;, os.arch: &#039;amd64&#039;, os.version: &#039;10.0&#039;, java.version: &#039;22.0.2&#039;
Driver info: org.openqa.selenium.firefox.FirefoxDriver
Command: [414a45fa-0c61-413a-a61b-7bf2bb775c6f, clickElement {id=fd273df3-7921-4afd-ba91-bd9bee3755e6}]
Capabilities {acceptInsecureCerts: true, browserName: firefox, browserVersion: 134.0.2, moz:accessibilityChecks: false, moz:buildID: 20250120135430, moz:debuggerAddress: 127.0.0.1:37300, moz:geckodriverVersion: 0.35.0, moz:headless: false, moz:platformVersion: 10.0, moz:processID: 28760, moz:profile: C:\Users\yasho\AppData\Loca..., moz:shutdownTimeout: 60000, moz:webdriverClick: true, moz:windowless: false, pageLoadStrategy: normal, platformName: windows, proxy: Proxy(), se:cdp: ws://127.0.0.1:37300/devtoo..., se:cdpVersion: 85.0, setWindowRect: true, strictFileInteractability: false, timeouts: {implicit: 0, pageLoad: 300000, script: 30000}, unhandledPromptBehavior: dismiss and notify, userAgent: Mozilla/5.0 (Windows NT 10....}
Element: [[FirefoxDriver: firefox on windows (414a45fa-0c61-413a-a61b-7bf2bb775c6f)] -&gt; xpath: (//a[@class=&#039;a-link-normal s-no-outline&#039;])[1]]
Session ID: 414a45fa-0c61-413a-a61b-7bf2bb775c6f" type="org.openqa.selenium.ElementNotInteractableException">
      <![CDATA[org.openqa.selenium.ElementNotInteractableException: Element <a class="a-link-normal s-no-outline" href="/sspa/click?ie=UTF8&spc=MTo2NzM4MTUwNzkzNTcwMjI2OjE3Mzg2MDczODk6c3BfYXRmOjMwMDE4ODA0OTI0NDEzMjo6MDo6&url=%2FBacca-Afterburn-Disruptor-Multiple-Sneakers-White%2Fdp%2FB08GP7BP93%2Fref%3Dsr_1_1_sspa%3Fdib%3DeyJ2IjoiMSJ9.FbC0izaba6whgD5YZJsCEx413XOw_oMJYsobqhLpGQynB1PR_bH7LqxH1rkMjhC3Dy1NjemGSlNOzsB6O72KzmifwvWtGwAfkVn1q7cwuStGJWtZ09cR-evhZ0LoeV-W8xl9GaYO6CWQS9MVD78t6kwOuyPUTpnunMJ2vTSXakUc7kcjNJo4wY_lDlGCeIECX1JwohUtVZ5Dz3RXP-WkByCjOg8QfdXqQOkk3U6iZxII97fLHRZmDTEhiIrBxD4ZhAvR4VMobYbCd4EVfxkl6K6dYApeEiCRYdK1lQS63M4.eNJBE7jiHQCxkqquBv5oXGypOM3MriBJfXoErA1Rguo%26dib_tag%3Dse%26keywords%3Dshoes%26qid%3D1738607389%26sr%3D8-1-spons%26sp_csd%3Dd2lkZ2V0TmFtZT1zcF9hdGY%26psc%3D1"> could not be scrolled into view
Build info: version: '4.27.0', revision: 'd6e718d134'
System info: os.name: 'Windows 11', os.arch: 'amd64', os.version: '10.0', java.version: '22.0.2'
Driver info: org.openqa.selenium.firefox.FirefoxDriver
Command: [414a45fa-0c61-413a-a61b-7bf2bb775c6f, clickElement {id=fd273df3-7921-4afd-ba91-bd9bee3755e6}]
Capabilities {acceptInsecureCerts: true, browserName: firefox, browserVersion: 134.0.2, moz:accessibilityChecks: false, moz:buildID: 20250120135430, moz:debuggerAddress: 127.0.0.1:37300, moz:geckodriverVersion: 0.35.0, moz:headless: false, moz:platformVersion: 10.0, moz:processID: 28760, moz:profile: C:\Users\yasho\AppData\Loca..., moz:shutdownTimeout: 60000, moz:webdriverClick: true, moz:windowless: false, pageLoadStrategy: normal, platformName: windows, proxy: Proxy(), se:cdp: ws://127.0.0.1:37300/devtoo..., se:cdpVersion: 85.0, setWindowRect: true, strictFileInteractability: false, timeouts: {implicit: 0, pageLoad: 300000, script: 30000}, unhandledPromptBehavior: dismiss and notify, userAgent: Mozilla/5.0 (Windows NT 10....}
Element: [[FirefoxDriver: firefox on windows (414a45fa-0c61-413a-a61b-7bf2bb775c6f)] -> xpath: (//a[@class='a-link-normal s-no-outline'])[1]]
Session ID: 414a45fa-0c61-413a-a61b-7bf2bb775c6f
at java.base/jdk.internal.reflect.DirectConstructorHandleAccessor.newInstance(DirectConstructorHandleAccessor.java:62)
at java.base/java.lang.reflect.Constructor.newInstanceWithCaller(Constructor.java:502)
at java.base/java.lang.reflect.Constructor.newInstance(Constructor.java:486)
at org.openqa.selenium.remote.ErrorCodec.decode(ErrorCodec.java:167)
at org.openqa.selenium.remote.codec.w3c.W3CHttpResponseCodec.decode(W3CHttpResponseCodec.java:138)
at org.openqa.selenium.remote.codec.w3c.W3CHttpResponseCodec.decode(W3CHttpResponseCodec.java:50)
at org.openqa.selenium.remote.HttpCommandExecutor.execute(HttpCommandExecutor.java:190)
at org.openqa.selenium.remote.service.DriverCommandExecutor.invokeExecute(DriverCommandExecutor.java:216)
at org.openqa.selenium.remote.service.DriverCommandExecutor.execute(DriverCommandExecutor.java:174)
at org.openqa.selenium.remote.RemoteWebDriver.execute(RemoteWebDriver.java:545)
at org.openqa.selenium.remote.RemoteWebElement.execute(RemoteWebElement.java:223)
at org.openqa.selenium.remote.RemoteWebElement.click(RemoteWebElement.java:76)
at java.base/jdk.internal.reflect.DirectMethodHandleAccessor.invoke(DirectMethodHandleAccessor.java:103)
at java.base/java.lang.reflect.Method.invoke(Method.java:580)
at org.openqa.selenium.support.pagefactory.internal.LocatingElementHandler.invoke(LocatingElementHandler.java:51)
at jdk.proxy2/jdk.proxy2.$Proxy16.click(Unknown Source)
at amazon_Project1.Project1_Amazon.Searchresultpage.search(Searchresultpage.java:20)
at amazon_Project1.Project1_Amazon.TestCase7_Verifythedetails.prodcutdetailpage(TestCase7_Verifythedetails.java:25)
at java.base/jdk.internal.reflect.DirectMethodHandleAccessor.invoke(DirectMethodHandleAccessor.java:103)
at java.base/java.lang.reflect.Method.invoke(Method.java:580)
at org.testng.internal.invokers.MethodInvocationHelper.invokeMethod(MethodInvocationHelper.java:141)
at org.testng.internal.invokers.TestInvoker.invokeMethod(TestInvoker.java:686)
at org.testng.internal.invokers.TestInvoker.retryFailed(TestInvoker.java:269)
at org.testng.internal.invokers.MethodRunner.runInSequence(MethodRunner.java:76)
at org.testng.internal.invokers.TestInvoker$MethodInvocationAgent.invoke(TestInvoker.java:992)
at org.testng.internal.invokers.TestInvoker.invokeTestMethods(TestInvoker.java:203)
at org.testng.internal.invokers.TestMethodWorker.invokeTestMethods(TestMethodWorker.java:154)
at org.testng.internal.invokers.TestMethodWorker.run(TestMethodWorker.java:134)
at java.base/java.util.ArrayList.forEach(ArrayList.java:1597)
at org.testng.TestRunner.privateRun(TestRunner.java:739)
at org.testng.TestRunner.run(TestRunner.java:614)
at org.testng.SuiteRunner.runTest(SuiteRunner.java:421)
at org.testng.SuiteRunner.runSequentially(SuiteRunner.java:413)
at org.testng.SuiteRunner.privateRun(SuiteRunner.java:373)
at org.testng.SuiteRunner.run(SuiteRunner.java:312)
at org.testng.SuiteRunnerWorker.runSuite(SuiteRunnerWorker.java:52)
at org.testng.SuiteRunnerWorker.run(SuiteRunnerWorker.java:95)
at org.testng.TestNG.runSuitesSequentially(TestNG.java:1274)
at org.testng.TestNG.runSuitesLocally(TestNG.java:1208)
at org.testng.TestNG.runSuites(TestNG.java:1112)
at org.testng.TestNG.run(TestNG.java:1079)
at org.apache.maven.surefire.testng.TestNGExecutor.run(TestNGExecutor.java:308)
at org.apache.maven.surefire.testng.TestNGXmlTestSuite.execute(TestNGXmlTestSuite.java:71)
at org.apache.maven.surefire.testng.TestNGProvider.invoke(TestNGProvider.java:113)
at org.apache.maven.surefire.booter.ForkedBooter.runSuitesInProcess(ForkedBooter.java:385)
at org.apache.maven.surefire.booter.ForkedBooter.execute(ForkedBooter.java:162)
at org.apache.maven.surefire.booter.ForkedBooter.run(ForkedBooter.java:507)
at org.apache.maven.surefire.booter.ForkedBooter.main(ForkedBooter.java:495)
]]>
    </error>
    <system-out>
      <![CDATA[result is failed for test=prodcutdetailpage]]>
    </system-out>
  </testcase> <!-- prodcutdetailpage -->
  <testcase classname="amazon_Project1.Project1_Amazon.TestCase7_Verifythedetails" name="prodcutdetailpage" time="24.976">
    <skipped/>
  </testcase> <!-- prodcutdetailpage -->
  <testcase classname="amazon_Project1.Project1_Amazon.TestCase7_Verifythedetails" name="prodcutdetailpage" time="51.209">
    <system-out>
      <![CDATA[Testcase passed]]>
    </system-out>
  </testcase> <!-- prodcutdetailpage -->
  <system-out>
    <![CDATA[Testcase passed
Testcase passed
Testcase passed
Testcase passed
Testcase passed
Testcase passed
Testcase passed
Testcase passed
Testcase passed
Testcase passed
Testcase passed
Testcase passed
Testcase passed
Testcase passed
Testcase passed
Testcase passed
result is failed for test=validcredential
result is failed for test=SortProduct
result is failed for test=Invalidcredential
result is failed for test=search_product
Testcase passed
result is failed for test=search_product
result is failed for test=payment
result is failed for test=addtocart_logout
result is failed for test=login_cart_logout1
result is failed for test=prodcutdetailpage]]>
  </system-out>
</testsuite> <!-- amazon_Project1.Project1_Amazon.TestCase7_Verifythedetails -->
